<?xml version="1.0" encoding="UTF-8"?>
<!-- Generated by org.testng.reporters.JUnitReportReporter -->
<testsuite hostname="DESKTOP-KCTFUOC" failures="0" tests="1" name="testcases.LoginPageTest" time="16.135" errors="0" timestamp="2023-12-12T19:07:27 IST" skipped="0">
  <testcase classname="testcases.LoginPageTest" name="verifyUrlofApplicationtest" time="16.135"/>
  <system-out/>
</testsuite> <!-- testcases.LoginPageTest -->
