<?xml version="1.0" encoding="UTF-8"?>
<!-- Generated by org.testng.reporters.JUnitReportReporter -->
<testsuite hostname="DESKTOP-KCTFUOC" failures="0" tests="5" name="testcases.FinishPage6Test" time="92.246" errors="0" timestamp="2023-12-07T00:27:28 IST" skipped="0">
  <testcase classname="testcases.FinishPage6Test" name="verifybackHomwbtnTest" time="13.406"/>
  <system-out>
    <![CDATA[https://www.saucedemo.com/inventory.html]]>
  </system-out>
  <testcase classname="testcases.FinishPage6Test" name="verifyheaderTest" time="15.646"/>
  <system-out>
    <![CDATA[Thank you for your order!]]>
  </system-out>
  <testcase classname="testcases.FinishPage6Test" name="verifytext2Test" time="14.007"/>
  <system-out>
    <![CDATA[Your order has been dispatched, and will arrive just as fast as the pony can get there!]]>
  </system-out>
  <testcase classname="testcases.FinishPage6Test" name="verifyverifyimageTest" time="17.109"/>
  <system-out>
    <![CDATA[visibility of image =true]]>
  </system-out>
  <testcase classname="testcases.FinishPage6Test" name="verifycheckoutTextTest" time="32.078"/>
  <system-out>
    <![CDATA[Checkout: Complete!]]>
  </system-out>
</testsuite> <!-- testcases.FinishPage6Test -->
