<?xml version="1.0" encoding="UTF-8"?>
<!-- Generated by org.testng.reporters.JUnitReportReporter -->
<testsuite hostname="DESKTOP-KCTFUOC" failures="0" tests="8" name="testcases.CheckOutPageTwo5Test" time="450.516" errors="0" timestamp="2023-12-07T00:39:28 IST" skipped="0">
  <testcase classname="testcases.CheckOutPageTwo5Test" name="verifysaucecardTest" time="36.162"/>
  <system-out>
    <![CDATA[SauceCard #31337]]>
  </system-out>
  <testcase classname="testcases.CheckOutPageTwo5Test" name="verifycancelbtnTest" time="26.354"/>
  <system-out>
    <![CDATA[https://www.saucedemo.com/inventory.html]]>
  </system-out>
  <testcase classname="testcases.CheckOutPageTwo5Test" name="verifypaymentInfoTest" time="52.929"/>
  <system-out>
    <![CDATA[Payment Information]]>
  </system-out>
  <testcase classname="testcases.CheckOutPageTwo5Test" name="verifyshippingInfoTest" time="27.189"/>
  <system-out>
    <![CDATA[Shipping Information]]>
  </system-out>
  <testcase classname="testcases.CheckOutPageTwo5Test" name="verifypriceTotalTest" time="187.357"/>
  <system-out>
    <![CDATA[Price Total]]>
  </system-out>
  <testcase classname="testcases.CheckOutPageTwo5Test" name="verifyfinishbtnTest" time="28.067"/>
  <system-out>
    <![CDATA[https://www.saucedemo.com/checkout-complete.html]]>
  </system-out>
  <testcase classname="testcases.CheckOutPageTwo5Test" name="verifyfpeDeliveryTest" time="67.787"/>
  <system-out>
    <![CDATA[Free Pony Express Delivery!]]>
  </system-out>
  <testcase classname="testcases.CheckOutPageTwo5Test" name="verifycheckoutTextTest" time="24.671"/>
  <system-out>
    <![CDATA[Checkout: Overview]]>
  </system-out>
</testsuite> <!-- testcases.CheckOutPageTwo5Test -->
