<?xml version="1.0" encoding="UTF-8"?>
<!-- Generated by org.testng.reporters.JUnitReportReporter -->
<testsuite hostname="DESKTOP-KCTFUOC" failures="0" tests="1" name="testcases.CheckOutPage4Test" time="36.673" errors="0" timestamp="2023-12-06T22:30:34 IST" skipped="0">
  <testcase classname="testcases.CheckOutPage4Test" name="verifycontinueBtnTest" time="36.673"/>
  <system-out>
    <![CDATA[https://www.saucedemo.com/checkout-step-two.html]]>
  </system-out>
</testsuite> <!-- testcases.CheckOutPage4Test -->
