<?xml version="1.0" encoding="UTF-8"?>
<!-- Generated by org.testng.reporters.JUnitReportReporter -->
<testsuite hostname="DESKTOP-KCTFUOC" failures="0" tests="1" name="testcases.CartPage3Test" time="19.943" errors="0" timestamp="2023-12-06T19:07:47 IST" skipped="0">
  <testcase classname="testcases.CartPage3Test" name="verifycheckoutbtnTest" time="19.943"/>
  <system-out>
    <![CDATA[ url after click on checkout button https://www.saucedemo.com/checkout-step-one.html]]>
  </system-out>
</testsuite> <!-- testcases.CartPage3Test -->
